2014/08/14 19:13:30 [error] [exception.CHttpException.404] exception 'CHttpException' with message '无法解析请求 "fonts/glyphicons-halflings-regular.woff"。' in /var/www/html/tt.mogujie.com/TT/framework/web/CWebApplication.php:286
Stack trace:
#0 /var/www/html/tt.mogujie.com/TT/framework/web/CWebApplication.php(141): CWebApplication->runController('fonts/glyphicon...')
#1 /var/www/html/tt.mogujie.com/TT/framework/base/CApplication.php(169): CWebApplication->processRequest()
#2 /var/www/html/tt.mogujie.com/TT/index.php(12): CApplication->run()
#3 {main}
REQUEST_URI=/fonts/glyphicons-halflings-regular.woff
HTTP_REFERER=http://imteamtalk.com/group/add
---
2014/08/14 19:13:30 [error] [exception.CHttpException.404] exception 'CHttpException' with message '无法解析请求 "fonts/glyphicons-halflings-regular.ttf"。' in /var/www/html/tt.mogujie.com/TT/framework/web/CWebApplication.php:286
Stack trace:
#0 /var/www/html/tt.mogujie.com/TT/framework/web/CWebApplication.php(141): CWebApplication->runController('fonts/glyphicon...')
#1 /var/www/html/tt.mogujie.com/TT/framework/base/CApplication.php(169): CWebApplication->processRequest()
#2 /var/www/html/tt.mogujie.com/TT/index.php(12): CApplication->run()
#3 {main}
REQUEST_URI=/fonts/glyphicons-halflings-regular.ttf
HTTP_REFERER=http://imteamtalk.com/group/add
---
2014/08/14 19:13:30 [error] [exception.CHttpException.404] exception 'CHttpException' with message '无法解析请求 "fonts/glyphicons-halflings-regular.svg"。' in /var/www/html/tt.mogujie.com/TT/framework/web/CWebApplication.php:286
Stack trace:
#0 /var/www/html/tt.mogujie.com/TT/framework/web/CWebApplication.php(141): CWebApplication->runController('fonts/glyphicon...')
#1 /var/www/html/tt.mogujie.com/TT/framework/base/CApplication.php(169): CWebApplication->processRequest()
#2 /var/www/html/tt.mogujie.com/TT/index.php(12): CApplication->run()
#3 {main}
REQUEST_URI=/fonts/glyphicons-halflings-regular.svg
HTTP_REFERER=http://imteamtalk.com/group/add
---
2014/08/14 19:13:54 [error] [php] Undefined variable: selUsers (/var/www/html/tt.mogujie.com/TT/protected/views/group/add.php:56)
Stack trace:
#0 /var/www/html/tt.mogujie.com/TT/framework/web/CController.php(869): GroupController->renderFile()
#1 /var/www/html/tt.mogujie.com/TT/framework/web/CController.php(782): GroupController->renderPartial()
#2 /var/www/html/tt.mogujie.com/TT/protected/controllers/GroupController.php(80): GroupController->render()
#3 /var/www/html/tt.mogujie.com/TT/framework/web/actions/CInlineAction.php(49): GroupController->actionAdd()
#4 /var/www/html/tt.mogujie.com/TT/framework/web/CController.php(308): CInlineAction->runWithParams()
#5 /var/www/html/tt.mogujie.com/TT/framework/web/CController.php(286): GroupController->runAction()
#6 /var/www/html/tt.mogujie.com/TT/framework/web/CController.php(265): GroupController->runActionWithFilters()
#7 /var/www/html/tt.mogujie.com/TT/framework/web/CWebApplication.php(282): GroupController->run()
#8 /var/www/html/tt.mogujie.com/TT/framework/web/CWebApplication.php(141): CWebApplication->runController()
#9 /var/www/html/tt.mogujie.com/TT/framework/base/CApplication.php(169): CWebApplication->processRequest()
#10 /var/www/html/tt.mogujie.com/TT/index.php(12): CWebApplication->run()
REQUEST_URI=/group/add
2014/08/14 19:19:06 [error] [exception.CHttpException.404] exception 'CHttpException' with message '无法解析请求 "fonts/glyphicons-halflings-regular.woff"。' in /var/www/html/tt.mogujie.com/TT/framework/web/CWebApplication.php:286
Stack trace:
#0 /var/www/html/tt.mogujie.com/TT/framework/web/CWebApplication.php(141): CWebApplication->runController('fonts/glyphicon...')
#1 /var/www/html/tt.mogujie.com/TT/framework/base/CApplication.php(169): CWebApplication->processRequest()
#2 /var/www/html/tt.mogujie.com/TT/index.php(12): CApplication->run()
#3 {main}
REQUEST_URI=/fonts/glyphicons-halflings-regular.woff
HTTP_REFERER=http://imteamtalk.com/group/add
---
2014/08/14 19:19:06 [error] [exception.CHttpException.404] exception 'CHttpException' with message '无法解析请求 "fonts/glyphicons-halflings-regular.ttf"。' in /var/www/html/tt.mogujie.com/TT/framework/web/CWebApplication.php:286
Stack trace:
#0 /var/www/html/tt.mogujie.com/TT/framework/web/CWebApplication.php(141): CWebApplication->runController('fonts/glyphicon...')
#1 /var/www/html/tt.mogujie.com/TT/framework/base/CApplication.php(169): CWebApplication->processRequest()
#2 /var/www/html/tt.mogujie.com/TT/index.php(12): CApplication->run()
#3 {main}
REQUEST_URI=/fonts/glyphicons-halflings-regular.ttf
HTTP_REFERER=http://imteamtalk.com/group/add
---
2014/08/14 19:19:06 [error] [exception.CHttpException.404] exception 'CHttpException' with message '无法解析请求 "fonts/glyphicons-halflings-regular.svg"。' in /var/www/html/tt.mogujie.com/TT/framework/web/CWebApplication.php:286
Stack trace:
#0 /var/www/html/tt.mogujie.com/TT/framework/web/CWebApplication.php(141): CWebApplication->runController('fonts/glyphicon...')
#1 /var/www/html/tt.mogujie.com/TT/framework/base/CApplication.php(169): CWebApplication->processRequest()
#2 /var/www/html/tt.mogujie.com/TT/index.php(12): CApplication->run()
#3 {main}
REQUEST_URI=/fonts/glyphicons-halflings-regular.svg
HTTP_REFERER=http://imteamtalk.com/group/add
---
2014/08/14 19:20:17 [error] [exception.CHttpException.404] exception 'CHttpException' with message '无法解析请求 "fonts/glyphicons-halflings-regular.woff"。' in /var/www/html/tt.mogujie.com/TT/framework/web/CWebApplication.php:286
Stack trace:
#0 /var/www/html/tt.mogujie.com/TT/framework/web/CWebApplication.php(141): CWebApplication->runController('fonts/glyphicon...')
#1 /var/www/html/tt.mogujie.com/TT/framework/base/CApplication.php(169): CWebApplication->processRequest()
#2 /var/www/html/tt.mogujie.com/TT/index.php(12): CApplication->run()
#3 {main}
REQUEST_URI=/fonts/glyphicons-halflings-regular.woff
HTTP_REFERER=http://imteamtalk.com/group/add
---
2014/08/14 19:20:17 [error] [exception.CHttpException.404] exception 'CHttpException' with message '无法解析请求 "fonts/glyphicons-halflings-regular.ttf"。' in /var/www/html/tt.mogujie.com/TT/framework/web/CWebApplication.php:286
Stack trace:
#0 /var/www/html/tt.mogujie.com/TT/framework/web/CWebApplication.php(141): CWebApplication->runController('fonts/glyphicon...')
#1 /var/www/html/tt.mogujie.com/TT/framework/base/CApplication.php(169): CWebApplication->processRequest()
#2 /var/www/html/tt.mogujie.com/TT/index.php(12): CApplication->run()
#3 {main}
REQUEST_URI=/fonts/glyphicons-halflings-regular.ttf
HTTP_REFERER=http://imteamtalk.com/group/add
---
2014/08/14 19:20:17 [error] [exception.CHttpException.404] exception 'CHttpException' with message '无法解析请求 "fonts/glyphicons-halflings-regular.svg"。' in /var/www/html/tt.mogujie.com/TT/framework/web/CWebApplication.php:286
Stack trace:
#0 /var/www/html/tt.mogujie.com/TT/framework/web/CWebApplication.php(141): CWebApplication->runController('fonts/glyphicon...')
#1 /var/www/html/tt.mogujie.com/TT/framework/base/CApplication.php(169): CWebApplication->processRequest()
#2 /var/www/html/tt.mogujie.com/TT/index.php(12): CApplication->run()
#3 {main}
REQUEST_URI=/fonts/glyphicons-halflings-regular.svg
HTTP_REFERER=http://imteamtalk.com/group/add
---
2014/08/14 19:22:01 [error] [exception.CHttpException.404] exception 'CHttpException' with message '无法解析请求 "fonts/glyphicons-halflings-regular.woff"。' in /var/www/html/tt.mogujie.com/TT/framework/web/CWebApplication.php:286
Stack trace:
#0 /var/www/html/tt.mogujie.com/TT/framework/web/CWebApplication.php(141): CWebApplication->runController('fonts/glyphicon...')
#1 /var/www/html/tt.mogujie.com/TT/framework/base/CApplication.php(169): CWebApplication->processRequest()
#2 /var/www/html/tt.mogujie.com/TT/index.php(12): CApplication->run()
#3 {main}
REQUEST_URI=/fonts/glyphicons-halflings-regular.woff
HTTP_REFERER=http://imteamtalk.com/group/add
---
2014/08/14 19:22:01 [error] [exception.CHttpException.404] exception 'CHttpException' with message '无法解析请求 "fonts/glyphicons-halflings-regular.ttf"。' in /var/www/html/tt.mogujie.com/TT/framework/web/CWebApplication.php:286
Stack trace:
#0 /var/www/html/tt.mogujie.com/TT/framework/web/CWebApplication.php(141): CWebApplication->runController('fonts/glyphicon...')
#1 /var/www/html/tt.mogujie.com/TT/framework/base/CApplication.php(169): CWebApplication->processRequest()
#2 /var/www/html/tt.mogujie.com/TT/index.php(12): CApplication->run()
#3 {main}
REQUEST_URI=/fonts/glyphicons-halflings-regular.ttf
HTTP_REFERER=http://imteamtalk.com/group/add
---
2014/08/14 19:22:01 [error] [exception.CHttpException.404] exception 'CHttpException' with message '无法解析请求 "fonts/glyphicons-halflings-regular.svg"。' in /var/www/html/tt.mogujie.com/TT/framework/web/CWebApplication.php:286
Stack trace:
#0 /var/www/html/tt.mogujie.com/TT/framework/web/CWebApplication.php(141): CWebApplication->runController('fonts/glyphicon...')
#1 /var/www/html/tt.mogujie.com/TT/framework/base/CApplication.php(169): CWebApplication->processRequest()
#2 /var/www/html/tt.mogujie.com/TT/index.php(12): CApplication->run()
#3 {main}
REQUEST_URI=/fonts/glyphicons-halflings-regular.svg
HTTP_REFERER=http://imteamtalk.com/group/add
---
2014/08/14 19:26:18 [error] [php] Trying to get property of non-object (/var/www/html/tt.mogujie.com/TT/protected/components/Controller.php:33)
Stack trace:
#0 /var/www/html/tt.mogujie.com/TT/framework/web/CController.php(308): CInlineAction->runWithParams()
#1 /var/www/html/tt.mogujie.com/TT/framework/web/CController.php(286): GroupController->runAction()
#2 /var/www/html/tt.mogujie.com/TT/framework/web/CController.php(265): GroupController->runActionWithFilters()
#3 /var/www/html/tt.mogujie.com/TT/framework/web/CWebApplication.php(282): GroupController->run()
#4 /var/www/html/tt.mogujie.com/TT/framework/web/CWebApplication.php(141): CWebApplication->runController()
#5 /var/www/html/tt.mogujie.com/TT/framework/base/CApplication.php(169): CWebApplication->processRequest()
#6 /var/www/html/tt.mogujie.com/TT/index.php(12): CWebApplication->run()
REQUEST_URI=/group/add
2014/08/14 19:26:30 [error] [exception.CHttpException.404] exception 'CHttpException' with message '无法解析请求 "fonts/glyphicons-halflings-regular.woff"。' in /var/www/html/tt.mogujie.com/TT/framework/web/CWebApplication.php:286
Stack trace:
#0 /var/www/html/tt.mogujie.com/TT/framework/web/CWebApplication.php(141): CWebApplication->runController('fonts/glyphicon...')
#1 /var/www/html/tt.mogujie.com/TT/framework/base/CApplication.php(169): CWebApplication->processRequest()
#2 /var/www/html/tt.mogujie.com/TT/index.php(12): CApplication->run()
#3 {main}
REQUEST_URI=/fonts/glyphicons-halflings-regular.woff
HTTP_REFERER=http://imteamtalk.com/group/add
---
2014/08/14 19:26:30 [error] [exception.CHttpException.404] exception 'CHttpException' with message '无法解析请求 "fonts/glyphicons-halflings-regular.ttf"。' in /var/www/html/tt.mogujie.com/TT/framework/web/CWebApplication.php:286
Stack trace:
#0 /var/www/html/tt.mogujie.com/TT/framework/web/CWebApplication.php(141): CWebApplication->runController('fonts/glyphicon...')
#1 /var/www/html/tt.mogujie.com/TT/framework/base/CApplication.php(169): CWebApplication->processRequest()
#2 /var/www/html/tt.mogujie.com/TT/index.php(12): CApplication->run()
#3 {main}
REQUEST_URI=/fonts/glyphicons-halflings-regular.ttf
HTTP_REFERER=http://imteamtalk.com/group/add
---
2014/08/14 19:26:30 [error] [exception.CHttpException.404] exception 'CHttpException' with message '无法解析请求 "fonts/glyphicons-halflings-regular.svg"。' in /var/www/html/tt.mogujie.com/TT/framework/web/CWebApplication.php:286
Stack trace:
#0 /var/www/html/tt.mogujie.com/TT/framework/web/CWebApplication.php(141): CWebApplication->runController('fonts/glyphicon...')
#1 /var/www/html/tt.mogujie.com/TT/framework/base/CApplication.php(169): CWebApplication->processRequest()
#2 /var/www/html/tt.mogujie.com/TT/index.php(12): CApplication->run()
#3 {main}
REQUEST_URI=/fonts/glyphicons-halflings-regular.svg
HTTP_REFERER=http://imteamtalk.com/group/add
---
2014/08/14 19:27:00 [error] [exception.CHttpException.404] exception 'CHttpException' with message '无法解析请求 "avatar/avatar_group_default.jpg"。' in /var/www/html/tt.mogujie.com/TT/framework/web/CWebApplication.php:286
Stack trace:
#0 /var/www/html/tt.mogujie.com/TT/framework/web/CWebApplication.php(141): CWebApplication->runController('avatar/avatar_g...')
#1 /var/www/html/tt.mogujie.com/TT/framework/base/CApplication.php(169): CWebApplication->processRequest()
#2 /var/www/html/tt.mogujie.com/TT/index.php(12): CApplication->run()
#3 {main}
REQUEST_URI=/avatar/avatar_group_default.jpg
HTTP_REFERER=http://imteamtalk.com/group/list
---
2014/08/14 19:27:07 [error] [exception.CHttpException.404] exception 'CHttpException' with message '无法解析请求 "fonts/glyphicons-halflings-regular.woff"。' in /var/www/html/tt.mogujie.com/TT/framework/web/CWebApplication.php:286
Stack trace:
#0 /var/www/html/tt.mogujie.com/TT/framework/web/CWebApplication.php(141): CWebApplication->runController('fonts/glyphicon...')
#1 /var/www/html/tt.mogujie.com/TT/framework/base/CApplication.php(169): CWebApplication->processRequest()
#2 /var/www/html/tt.mogujie.com/TT/index.php(12): CApplication->run()
#3 {main}
REQUEST_URI=/fonts/glyphicons-halflings-regular.woff
HTTP_REFERER=http://imteamtalk.com/group/add
---
2014/08/14 19:27:07 [error] [exception.CHttpException.404] exception 'CHttpException' with message '无法解析请求 "fonts/glyphicons-halflings-regular.ttf"。' in /var/www/html/tt.mogujie.com/TT/framework/web/CWebApplication.php:286
Stack trace:
#0 /var/www/html/tt.mogujie.com/TT/framework/web/CWebApplication.php(141): CWebApplication->runController('fonts/glyphicon...')
#1 /var/www/html/tt.mogujie.com/TT/framework/base/CApplication.php(169): CWebApplication->processRequest()
#2 /var/www/html/tt.mogujie.com/TT/index.php(12): CApplication->run()
#3 {main}
REQUEST_URI=/fonts/glyphicons-halflings-regular.ttf
HTTP_REFERER=http://imteamtalk.com/group/add
---
2014/08/14 19:27:08 [error] [exception.CHttpException.404] exception 'CHttpException' with message '无法解析请求 "fonts/glyphicons-halflings-regular.svg"。' in /var/www/html/tt.mogujie.com/TT/framework/web/CWebApplication.php:286
Stack trace:
#0 /var/www/html/tt.mogujie.com/TT/framework/web/CWebApplication.php(141): CWebApplication->runController('fonts/glyphicon...')
#1 /var/www/html/tt.mogujie.com/TT/framework/base/CApplication.php(169): CWebApplication->processRequest()
#2 /var/www/html/tt.mogujie.com/TT/index.php(12): CApplication->run()
#3 {main}
REQUEST_URI=/fonts/glyphicons-halflings-regular.svg
HTTP_REFERER=http://imteamtalk.com/group/add
---
2014/08/14 19:27:20 [error] [exception.CHttpException.404] exception 'CHttpException' with message '无法解析请求 "avatar/avatar_group_default.jpg"。' in /var/www/html/tt.mogujie.com/TT/framework/web/CWebApplication.php:286
Stack trace:
#0 /var/www/html/tt.mogujie.com/TT/framework/web/CWebApplication.php(141): CWebApplication->runController('avatar/avatar_g...')
#1 /var/www/html/tt.mogujie.com/TT/framework/base/CApplication.php(169): CWebApplication->processRequest()
#2 /var/www/html/tt.mogujie.com/TT/index.php(12): CApplication->run()
#3 {main}
REQUEST_URI=/avatar/avatar_group_default.jpg
HTTP_REFERER=http://imteamtalk.com/group/list
---
2014/08/14 19:27:32 [error] [exception.CHttpException.404] exception 'CHttpException' with message '无法解析请求 "fonts/glyphicons-halflings-regular.woff"。' in /var/www/html/tt.mogujie.com/TT/framework/web/CWebApplication.php:286
Stack trace:
#0 /var/www/html/tt.mogujie.com/TT/framework/web/CWebApplication.php(141): CWebApplication->runController('fonts/glyphicon...')
#1 /var/www/html/tt.mogujie.com/TT/framework/base/CApplication.php(169): CWebApplication->processRequest()
#2 /var/www/html/tt.mogujie.com/TT/index.php(12): CApplication->run()
#3 {main}
REQUEST_URI=/fonts/glyphicons-halflings-regular.woff
HTTP_REFERER=http://imteamtalk.com/group/add
---
2014/08/14 19:27:32 [error] [exception.CHttpException.404] exception 'CHttpException' with message '无法解析请求 "fonts/glyphicons-halflings-regular.ttf"。' in /var/www/html/tt.mogujie.com/TT/framework/web/CWebApplication.php:286
Stack trace:
#0 /var/www/html/tt.mogujie.com/TT/framework/web/CWebApplication.php(141): CWebApplication->runController('fonts/glyphicon...')
#1 /var/www/html/tt.mogujie.com/TT/framework/base/CApplication.php(169): CWebApplication->processRequest()
#2 /var/www/html/tt.mogujie.com/TT/index.php(12): CApplication->run()
#3 {main}
REQUEST_URI=/fonts/glyphicons-halflings-regular.ttf
HTTP_REFERER=http://imteamtalk.com/group/add
---
2014/08/14 19:27:32 [error] [exception.CHttpException.404] exception 'CHttpException' with message '无法解析请求 "fonts/glyphicons-halflings-regular.svg"。' in /var/www/html/tt.mogujie.com/TT/framework/web/CWebApplication.php:286
Stack trace:
#0 /var/www/html/tt.mogujie.com/TT/framework/web/CWebApplication.php(141): CWebApplication->runController('fonts/glyphicon...')
#1 /var/www/html/tt.mogujie.com/TT/framework/base/CApplication.php(169): CWebApplication->processRequest()
#2 /var/www/html/tt.mogujie.com/TT/index.php(12): CApplication->run()
#3 {main}
REQUEST_URI=/fonts/glyphicons-halflings-regular.svg
HTTP_REFERER=http://imteamtalk.com/group/add
---
2014/08/14 19:27:40 [error] [exception.CHttpException.404] exception 'CHttpException' with message '无法解析请求 "avatar/avatar_group_default.jpg"。' in /var/www/html/tt.mogujie.com/TT/framework/web/CWebApplication.php:286
Stack trace:
#0 /var/www/html/tt.mogujie.com/TT/framework/web/CWebApplication.php(141): CWebApplication->runController('avatar/avatar_g...')
#1 /var/www/html/tt.mogujie.com/TT/framework/base/CApplication.php(169): CWebApplication->processRequest()
#2 /var/www/html/tt.mogujie.com/TT/index.php(12): CApplication->run()
#3 {main}
REQUEST_URI=/avatar/avatar_group_default.jpg
HTTP_REFERER=http://imteamtalk.com/group/list
---
2014/08/14 19:29:51 [error] [exception.CHttpException.404] exception 'CHttpException' with message '无法解析请求 "avatar/avatar_group_default.jpg"。' in /var/www/html/tt.mogujie.com/TT/framework/web/CWebApplication.php:286
Stack trace:
#0 /var/www/html/tt.mogujie.com/TT/framework/web/CWebApplication.php(141): CWebApplication->runController('avatar/avatar_g...')
#1 /var/www/html/tt.mogujie.com/TT/framework/base/CApplication.php(169): CWebApplication->processRequest()
#2 /var/www/html/tt.mogujie.com/TT/index.php(12): CApplication->run()
#3 {main}
REQUEST_URI=/avatar/avatar_group_default.jpg
HTTP_REFERER=http://imteamtalk.com/group/list
---
2014/08/14 19:29:56 [error] [exception.CHttpException.404] exception 'CHttpException' with message '无法解析请求 "fonts/glyphicons-halflings-regular.woff"。' in /var/www/html/tt.mogujie.com/TT/framework/web/CWebApplication.php:286
Stack trace:
#0 /var/www/html/tt.mogujie.com/TT/framework/web/CWebApplication.php(141): CWebApplication->runController('fonts/glyphicon...')
#1 /var/www/html/tt.mogujie.com/TT/framework/base/CApplication.php(169): CWebApplication->processRequest()
#2 /var/www/html/tt.mogujie.com/TT/index.php(12): CApplication->run()
#3 {main}
REQUEST_URI=/fonts/glyphicons-halflings-regular.woff
HTTP_REFERER=http://imteamtalk.com/group/add
---
2014/08/14 19:29:56 [error] [exception.CHttpException.404] exception 'CHttpException' with message '无法解析请求 "fonts/glyphicons-halflings-regular.ttf"。' in /var/www/html/tt.mogujie.com/TT/framework/web/CWebApplication.php:286
Stack trace:
#0 /var/www/html/tt.mogujie.com/TT/framework/web/CWebApplication.php(141): CWebApplication->runController('fonts/glyphicon...')
#1 /var/www/html/tt.mogujie.com/TT/framework/base/CApplication.php(169): CWebApplication->processRequest()
#2 /var/www/html/tt.mogujie.com/TT/index.php(12): CApplication->run()
#3 {main}
REQUEST_URI=/fonts/glyphicons-halflings-regular.ttf
HTTP_REFERER=http://imteamtalk.com/group/add
---
2014/08/14 19:29:56 [error] [exception.CHttpException.404] exception 'CHttpException' with message '无法解析请求 "fonts/glyphicons-halflings-regular.svg"。' in /var/www/html/tt.mogujie.com/TT/framework/web/CWebApplication.php:286
Stack trace:
#0 /var/www/html/tt.mogujie.com/TT/framework/web/CWebApplication.php(141): CWebApplication->runController('fonts/glyphicon...')
#1 /var/www/html/tt.mogujie.com/TT/framework/base/CApplication.php(169): CWebApplication->processRequest()
#2 /var/www/html/tt.mogujie.com/TT/index.php(12): CApplication->run()
#3 {main}
REQUEST_URI=/fonts/glyphicons-halflings-regular.svg
HTTP_REFERER=http://imteamtalk.com/group/add
---
2014/08/14 19:33:07 [error] [exception.CHttpException.404] exception 'CHttpException' with message '无法解析请求 "fonts/glyphicons-halflings-regular.woff"。' in /var/www/html/tt.mogujie.com/TT/framework/web/CWebApplication.php:286
Stack trace:
#0 /var/www/html/tt.mogujie.com/TT/framework/web/CWebApplication.php(141): CWebApplication->runController('fonts/glyphicon...')
#1 /var/www/html/tt.mogujie.com/TT/framework/base/CApplication.php(169): CWebApplication->processRequest()
#2 /var/www/html/tt.mogujie.com/TT/index.php(12): CApplication->run()
#3 {main}
REQUEST_URI=/fonts/glyphicons-halflings-regular.woff
HTTP_REFERER=http://imteamtalk.com/group/edit/104228
---
2014/08/14 19:33:07 [error] [exception.CHttpException.404] exception 'CHttpException' with message '无法解析请求 "fonts/glyphicons-halflings-regular.ttf"。' in /var/www/html/tt.mogujie.com/TT/framework/web/CWebApplication.php:286
Stack trace:
#0 /var/www/html/tt.mogujie.com/TT/framework/web/CWebApplication.php(141): CWebApplication->runController('fonts/glyphicon...')
#1 /var/www/html/tt.mogujie.com/TT/framework/base/CApplication.php(169): CWebApplication->processRequest()
#2 /var/www/html/tt.mogujie.com/TT/index.php(12): CApplication->run()
#3 {main}
REQUEST_URI=/fonts/glyphicons-halflings-regular.ttf
HTTP_REFERER=http://imteamtalk.com/group/edit/104228
---
2014/08/14 19:33:07 [error] [exception.CHttpException.404] exception 'CHttpException' with message '无法解析请求 "fonts/glyphicons-halflings-regular.svg"。' in /var/www/html/tt.mogujie.com/TT/framework/web/CWebApplication.php:286
Stack trace:
#0 /var/www/html/tt.mogujie.com/TT/framework/web/CWebApplication.php(141): CWebApplication->runController('fonts/glyphicon...')
#1 /var/www/html/tt.mogujie.com/TT/framework/base/CApplication.php(169): CWebApplication->processRequest()
#2 /var/www/html/tt.mogujie.com/TT/index.php(12): CApplication->run()
#3 {main}
REQUEST_URI=/fonts/glyphicons-halflings-regular.svg
HTTP_REFERER=http://imteamtalk.com/group/edit/104228
---
2014/08/14 19:36:54 [error] [exception.CHttpException.404] exception 'CHttpException' with message '无法解析请求 "fonts/glyphicons-halflings-regular.woff"。' in /var/www/html/tt.mogujie.com/TT/framework/web/CWebApplication.php:286
Stack trace:
#0 /var/www/html/tt.mogujie.com/TT/framework/web/CWebApplication.php(141): CWebApplication->runController('fonts/glyphicon...')
#1 /var/www/html/tt.mogujie.com/TT/framework/base/CApplication.php(169): CWebApplication->processRequest()
#2 /var/www/html/tt.mogujie.com/TT/index.php(12): CApplication->run()
#3 {main}
REQUEST_URI=/fonts/glyphicons-halflings-regular.woff
HTTP_REFERER=http://imteamtalk.com/group/edit/104228
---
2014/08/14 19:36:54 [error] [exception.CHttpException.404] exception 'CHttpException' with message '无法解析请求 "fonts/glyphicons-halflings-regular.ttf"。' in /var/www/html/tt.mogujie.com/TT/framework/web/CWebApplication.php:286
Stack trace:
#0 /var/www/html/tt.mogujie.com/TT/framework/web/CWebApplication.php(141): CWebApplication->runController('fonts/glyphicon...')
#1 /var/www/html/tt.mogujie.com/TT/framework/base/CApplication.php(169): CWebApplication->processRequest()
#2 /var/www/html/tt.mogujie.com/TT/index.php(12): CApplication->run()
#3 {main}
REQUEST_URI=/fonts/glyphicons-halflings-regular.ttf
HTTP_REFERER=http://imteamtalk.com/group/edit/104228
---
2014/08/14 19:36:54 [error] [exception.CHttpException.404] exception 'CHttpException' with message '无法解析请求 "fonts/glyphicons-halflings-regular.svg"。' in /var/www/html/tt.mogujie.com/TT/framework/web/CWebApplication.php:286
Stack trace:
#0 /var/www/html/tt.mogujie.com/TT/framework/web/CWebApplication.php(141): CWebApplication->runController('fonts/glyphicon...')
#1 /var/www/html/tt.mogujie.com/TT/framework/base/CApplication.php(169): CWebApplication->processRequest()
#2 /var/www/html/tt.mogujie.com/TT/index.php(12): CApplication->run()
#3 {main}
REQUEST_URI=/fonts/glyphicons-halflings-regular.svg
HTTP_REFERER=http://imteamtalk.com/group/edit/104228
---
2014/08/14 19:37:00 [error] [exception.CHttpException.404] exception 'CHttpException' with message '无法解析请求 "fonts/glyphicons-halflings-regular.woff"。' in /var/www/html/tt.mogujie.com/TT/framework/web/CWebApplication.php:286
Stack trace:
#0 /var/www/html/tt.mogujie.com/TT/framework/web/CWebApplication.php(141): CWebApplication->runController('fonts/glyphicon...')
#1 /var/www/html/tt.mogujie.com/TT/framework/base/CApplication.php(169): CWebApplication->processRequest()
#2 /var/www/html/tt.mogujie.com/TT/index.php(12): CApplication->run()
#3 {main}
REQUEST_URI=/fonts/glyphicons-halflings-regular.woff
HTTP_REFERER=http://imteamtalk.com/group/edit/104228
---
2014/08/14 19:37:01 [error] [exception.CHttpException.404] exception 'CHttpException' with message '无法解析请求 "fonts/glyphicons-halflings-regular.ttf"。' in /var/www/html/tt.mogujie.com/TT/framework/web/CWebApplication.php:286
Stack trace:
#0 /var/www/html/tt.mogujie.com/TT/framework/web/CWebApplication.php(141): CWebApplication->runController('fonts/glyphicon...')
#1 /var/www/html/tt.mogujie.com/TT/framework/base/CApplication.php(169): CWebApplication->processRequest()
#2 /var/www/html/tt.mogujie.com/TT/index.php(12): CApplication->run()
#3 {main}
REQUEST_URI=/fonts/glyphicons-halflings-regular.ttf
HTTP_REFERER=http://imteamtalk.com/group/edit/104228
---
2014/08/14 19:37:01 [error] [exception.CHttpException.404] exception 'CHttpException' with message '无法解析请求 "fonts/glyphicons-halflings-regular.svg"。' in /var/www/html/tt.mogujie.com/TT/framework/web/CWebApplication.php:286
Stack trace:
#0 /var/www/html/tt.mogujie.com/TT/framework/web/CWebApplication.php(141): CWebApplication->runController('fonts/glyphicon...')
#1 /var/www/html/tt.mogujie.com/TT/framework/base/CApplication.php(169): CWebApplication->processRequest()
#2 /var/www/html/tt.mogujie.com/TT/index.php(12): CApplication->run()
#3 {main}
REQUEST_URI=/fonts/glyphicons-halflings-regular.svg
HTTP_REFERER=http://imteamtalk.com/group/edit/104228
---
2014/08/14 19:37:11 [error] [exception.CHttpException.404] exception 'CHttpException' with message '无法解析请求 "avatar/avatar_group_default.jpg"。' in /var/www/html/tt.mogujie.com/TT/framework/web/CWebApplication.php:286
Stack trace:
#0 /var/www/html/tt.mogujie.com/TT/framework/web/CWebApplication.php(141): CWebApplication->runController('avatar/avatar_g...')
#1 /var/www/html/tt.mogujie.com/TT/framework/base/CApplication.php(169): CWebApplication->processRequest()
#2 /var/www/html/tt.mogujie.com/TT/index.php(12): CApplication->run()
#3 {main}
REQUEST_URI=/avatar/avatar_group_default.jpg
HTTP_REFERER=http://imteamtalk.com/group/list
---
2014/08/14 19:37:15 [error] [exception.CHttpException.404] exception 'CHttpException' with message '无法解析请求 "fonts/glyphicons-halflings-regular.woff"。' in /var/www/html/tt.mogujie.com/TT/framework/web/CWebApplication.php:286
Stack trace:
#0 /var/www/html/tt.mogujie.com/TT/framework/web/CWebApplication.php(141): CWebApplication->runController('fonts/glyphicon...')
#1 /var/www/html/tt.mogujie.com/TT/framework/base/CApplication.php(169): CWebApplication->processRequest()
#2 /var/www/html/tt.mogujie.com/TT/index.php(12): CApplication->run()
#3 {main}
REQUEST_URI=/fonts/glyphicons-halflings-regular.woff
HTTP_REFERER=http://imteamtalk.com/group/edit/104228
---
2014/08/14 19:37:16 [error] [exception.CHttpException.404] exception 'CHttpException' with message '无法解析请求 "fonts/glyphicons-halflings-regular.ttf"。' in /var/www/html/tt.mogujie.com/TT/framework/web/CWebApplication.php:286
Stack trace:
#0 /var/www/html/tt.mogujie.com/TT/framework/web/CWebApplication.php(141): CWebApplication->runController('fonts/glyphicon...')
#1 /var/www/html/tt.mogujie.com/TT/framework/base/CApplication.php(169): CWebApplication->processRequest()
#2 /var/www/html/tt.mogujie.com/TT/index.php(12): CApplication->run()
#3 {main}
REQUEST_URI=/fonts/glyphicons-halflings-regular.ttf
HTTP_REFERER=http://imteamtalk.com/group/edit/104228
---
2014/08/14 19:37:16 [error] [exception.CHttpException.404] exception 'CHttpException' with message '无法解析请求 "fonts/glyphicons-halflings-regular.svg"。' in /var/www/html/tt.mogujie.com/TT/framework/web/CWebApplication.php:286
Stack trace:
#0 /var/www/html/tt.mogujie.com/TT/framework/web/CWebApplication.php(141): CWebApplication->runController('fonts/glyphicon...')
#1 /var/www/html/tt.mogujie.com/TT/framework/base/CApplication.php(169): CWebApplication->processRequest()
#2 /var/www/html/tt.mogujie.com/TT/index.php(12): CApplication->run()
#3 {main}
REQUEST_URI=/fonts/glyphicons-halflings-regular.svg
HTTP_REFERER=http://imteamtalk.com/group/edit/104228
---
2014/08/14 19:37:24 [error] [exception.CHttpException.404] exception 'CHttpException' with message '无法解析请求 "avatar/avatar_group_default.jpg"。' in /var/www/html/tt.mogujie.com/TT/framework/web/CWebApplication.php:286
Stack trace:
#0 /var/www/html/tt.mogujie.com/TT/framework/web/CWebApplication.php(141): CWebApplication->runController('avatar/avatar_g...')
#1 /var/www/html/tt.mogujie.com/TT/framework/base/CApplication.php(169): CWebApplication->processRequest()
#2 /var/www/html/tt.mogujie.com/TT/index.php(12): CApplication->run()
#3 {main}
REQUEST_URI=/avatar/avatar_group_default.jpg
HTTP_REFERER=http://imteamtalk.com/group/list
---
2014/08/14 19:37:55 [error] [exception.CHttpException.404] exception 'CHttpException' with message '无法解析请求 "avatar/avatar_group_default.jpg"。' in /var/www/html/tt.mogujie.com/TT/framework/web/CWebApplication.php:286
Stack trace:
#0 /var/www/html/tt.mogujie.com/TT/framework/web/CWebApplication.php(141): CWebApplication->runController('avatar/avatar_g...')
#1 /var/www/html/tt.mogujie.com/TT/framework/base/CApplication.php(169): CWebApplication->processRequest()
#2 /var/www/html/tt.mogujie.com/TT/index.php(12): CApplication->run()
#3 {main}
REQUEST_URI=/avatar/avatar_group_default.jpg
HTTP_REFERER=http://imteamtalk.com/group/list
---
2014/08/14 19:37:56 [error] [exception.CHttpException.404] exception 'CHttpException' with message '无法解析请求 "avatar/avatar_group_default.jpg"。' in /var/www/html/tt.mogujie.com/TT/framework/web/CWebApplication.php:286
Stack trace:
#0 /var/www/html/tt.mogujie.com/TT/framework/web/CWebApplication.php(141): CWebApplication->runController('avatar/avatar_g...')
#1 /var/www/html/tt.mogujie.com/TT/framework/base/CApplication.php(169): CWebApplication->processRequest()
#2 /var/www/html/tt.mogujie.com/TT/index.php(12): CApplication->run()
#3 {main}
REQUEST_URI=/avatar/avatar_group_default.jpg
HTTP_REFERER=http://imteamtalk.com/group/list
---
2014/08/14 19:38:00 [error] [exception.CHttpException.404] exception 'CHttpException' with message '无法解析请求 "avatar/avatar_group_default.jpg"。' in /var/www/html/tt.mogujie.com/TT/framework/web/CWebApplication.php:286
Stack trace:
#0 /var/www/html/tt.mogujie.com/TT/framework/web/CWebApplication.php(141): CWebApplication->runController('avatar/avatar_g...')
#1 /var/www/html/tt.mogujie.com/TT/framework/base/CApplication.php(169): CWebApplication->processRequest()
#2 /var/www/html/tt.mogujie.com/TT/index.php(12): CApplication->run()
#3 {main}
REQUEST_URI=/avatar/avatar_group_default.jpg
HTTP_REFERER=http://imteamtalk.com/group/list
---
2014/08/14 19:38:01 [error] [exception.CHttpException.404] exception 'CHttpException' with message '无法解析请求 "avatar/avatar_group_default.jpg"。' in /var/www/html/tt.mogujie.com/TT/framework/web/CWebApplication.php:286
Stack trace:
#0 /var/www/html/tt.mogujie.com/TT/framework/web/CWebApplication.php(141): CWebApplication->runController('avatar/avatar_g...')
#1 /var/www/html/tt.mogujie.com/TT/framework/base/CApplication.php(169): CWebApplication->processRequest()
#2 /var/www/html/tt.mogujie.com/TT/index.php(12): CApplication->run()
#3 {main}
REQUEST_URI=/avatar/avatar_group_default.jpg
HTTP_REFERER=http://imteamtalk.com/group/list
---
2014/08/14 19:40:04 [error] [exception.CHttpException.404] exception 'CHttpException' with message '无法解析请求 "avatar/avatar_group_default.jpg"。' in /var/www/html/tt.mogujie.com/TT/framework/web/CWebApplication.php:286
Stack trace:
#0 /var/www/html/tt.mogujie.com/TT/framework/web/CWebApplication.php(141): CWebApplication->runController('avatar/avatar_g...')
#1 /var/www/html/tt.mogujie.com/TT/framework/base/CApplication.php(169): CWebApplication->processRequest()
#2 /var/www/html/tt.mogujie.com/TT/index.php(12): CApplication->run()
#3 {main}
REQUEST_URI=/avatar/avatar_group_default.jpg
HTTP_REFERER=http://imteamtalk.com/group/list
---
2014/08/14 19:40:15 [error] [exception.CHttpException.404] exception 'CHttpException' with message '无法解析请求 "avatar/avatar_group_default.jpg"。' in /var/www/html/tt.mogujie.com/TT/framework/web/CWebApplication.php:286
Stack trace:
#0 /var/www/html/tt.mogujie.com/TT/framework/web/CWebApplication.php(141): CWebApplication->runController('avatar/avatar_g...')
#1 /var/www/html/tt.mogujie.com/TT/framework/base/CApplication.php(169): CWebApplication->processRequest()
#2 /var/www/html/tt.mogujie.com/TT/index.php(12): CApplication->run()
#3 {main}
REQUEST_URI=/avatar/avatar_group_default.jpg
HTTP_REFERER=http://imteamtalk.com/index.php/group/list?group%2Flist=&page=2
---
2014/08/14 19:40:18 [error] [exception.CHttpException.404] exception 'CHttpException' with message '无法解析请求 "avatar/avatar_group_default.jpg"。' in /var/www/html/tt.mogujie.com/TT/framework/web/CWebApplication.php:286
Stack trace:
#0 /var/www/html/tt.mogujie.com/TT/framework/web/CWebApplication.php(141): CWebApplication->runController('avatar/avatar_g...')
#1 /var/www/html/tt.mogujie.com/TT/framework/base/CApplication.php(169): CWebApplication->processRequest()
#2 /var/www/html/tt.mogujie.com/TT/index.php(12): CApplication->run()
#3 {main}
REQUEST_URI=/avatar/avatar_group_default.jpg
HTTP_REFERER=http://imteamtalk.com/index.php/group/list?index_php%2Fgroup%2Flist=&group%2Flist=
---
2014/08/14 19:44:12 [error] [exception.CHttpException.404] exception 'CHttpException' with message '无法解析请求 "avatar/avatar_group_default.jpg"。' in /var/www/html/tt.mogujie.com/TT/framework/web/CWebApplication.php:286
Stack trace:
#0 /var/www/html/tt.mogujie.com/TT/framework/web/CWebApplication.php(141): CWebApplication->runController('avatar/avatar_g...')
#1 /var/www/html/tt.mogujie.com/TT/framework/base/CApplication.php(169): CWebApplication->processRequest()
#2 /var/www/html/tt.mogujie.com/TT/index.php(12): CApplication->run()
#3 {main}
REQUEST_URI=/avatar/avatar_group_default.jpg
HTTP_REFERER=http://imteamtalk.com/index.php/group/list?index_php%2Fgroup%2Flist=&group%2Flist=
---
2014/08/14 19:44:15 [error] [exception.CHttpException.404] exception 'CHttpException' with message '无法解析请求 "fonts/glyphicons-halflings-regular.woff"。' in /var/www/html/tt.mogujie.com/TT/framework/web/CWebApplication.php:286
Stack trace:
#0 /var/www/html/tt.mogujie.com/TT/framework/web/CWebApplication.php(141): CWebApplication->runController('fonts/glyphicon...')
#1 /var/www/html/tt.mogujie.com/TT/framework/base/CApplication.php(169): CWebApplication->processRequest()
#2 /var/www/html/tt.mogujie.com/TT/index.php(12): CApplication->run()
#3 {main}
REQUEST_URI=/fonts/glyphicons-halflings-regular.woff
HTTP_REFERER=http://imteamtalk.com/group/edit/104224
---
2014/08/14 19:44:15 [error] [exception.CHttpException.404] exception 'CHttpException' with message '无法解析请求 "fonts/glyphicons-halflings-regular.ttf"。' in /var/www/html/tt.mogujie.com/TT/framework/web/CWebApplication.php:286
Stack trace:
#0 /var/www/html/tt.mogujie.com/TT/framework/web/CWebApplication.php(141): CWebApplication->runController('fonts/glyphicon...')
#1 /var/www/html/tt.mogujie.com/TT/framework/base/CApplication.php(169): CWebApplication->processRequest()
#2 /var/www/html/tt.mogujie.com/TT/index.php(12): CApplication->run()
#3 {main}
REQUEST_URI=/fonts/glyphicons-halflings-regular.ttf
HTTP_REFERER=http://imteamtalk.com/group/edit/104224
---
2014/08/14 19:44:15 [error] [exception.CHttpException.404] exception 'CHttpException' with message '无法解析请求 "fonts/glyphicons-halflings-regular.svg"。' in /var/www/html/tt.mogujie.com/TT/framework/web/CWebApplication.php:286
Stack trace:
#0 /var/www/html/tt.mogujie.com/TT/framework/web/CWebApplication.php(141): CWebApplication->runController('fonts/glyphicon...')
#1 /var/www/html/tt.mogujie.com/TT/framework/base/CApplication.php(169): CWebApplication->processRequest()
#2 /var/www/html/tt.mogujie.com/TT/index.php(12): CApplication->run()
#3 {main}
REQUEST_URI=/fonts/glyphicons-halflings-regular.svg
HTTP_REFERER=http://imteamtalk.com/group/edit/104224
---
2014/08/14 19:45:59 [error] [php] Undefined variable: selUsers (/var/www/html/tt.mogujie.com/TT/protected/views/group/add.php:62)
Stack trace:
#0 /var/www/html/tt.mogujie.com/TT/framework/web/CController.php(869): GroupController->renderFile()
#1 /var/www/html/tt.mogujie.com/TT/framework/web/CController.php(782): GroupController->renderPartial()
#2 /var/www/html/tt.mogujie.com/TT/protected/controllers/GroupController.php(77): GroupController->render()
#3 /var/www/html/tt.mogujie.com/TT/framework/web/actions/CInlineAction.php(49): GroupController->actionAdd()
#4 /var/www/html/tt.mogujie.com/TT/framework/web/CController.php(308): CInlineAction->runWithParams()
#5 /var/www/html/tt.mogujie.com/TT/framework/web/CController.php(286): GroupController->runAction()
#6 /var/www/html/tt.mogujie.com/TT/framework/web/CController.php(265): GroupController->runActionWithFilters()
#7 /var/www/html/tt.mogujie.com/TT/framework/web/CWebApplication.php(282): GroupController->run()
#8 /var/www/html/tt.mogujie.com/TT/framework/web/CWebApplication.php(141): CWebApplication->runController()
#9 /var/www/html/tt.mogujie.com/TT/framework/base/CApplication.php(169): CWebApplication->processRequest()
#10 /var/www/html/tt.mogujie.com/TT/index.php(12): CWebApplication->run()
REQUEST_URI=/group/add
2014/08/14 19:46:03 [error] [exception.CHttpException.404] exception 'CHttpException' with message '无法解析请求 "avatar/avatar_group_default.jpg"。' in /var/www/html/tt.mogujie.com/TT/framework/web/CWebApplication.php:286
Stack trace:
#0 /var/www/html/tt.mogujie.com/TT/framework/web/CWebApplication.php(141): CWebApplication->runController('avatar/avatar_g...')
#1 /var/www/html/tt.mogujie.com/TT/framework/base/CApplication.php(169): CWebApplication->processRequest()
#2 /var/www/html/tt.mogujie.com/TT/index.php(12): CApplication->run()
#3 {main}
REQUEST_URI=/avatar/avatar_group_default.jpg
HTTP_REFERER=http://imteamtalk.com/group/list
---
2014/08/14 19:46:04 [error] [php] Undefined variable: selUsers (/var/www/html/tt.mogujie.com/TT/protected/views/group/add.php:62)
Stack trace:
#0 /var/www/html/tt.mogujie.com/TT/framework/web/CController.php(869): GroupController->renderFile()
#1 /var/www/html/tt.mogujie.com/TT/framework/web/CController.php(782): GroupController->renderPartial()
#2 /var/www/html/tt.mogujie.com/TT/protected/controllers/GroupController.php(77): GroupController->render()
#3 /var/www/html/tt.mogujie.com/TT/framework/web/actions/CInlineAction.php(49): GroupController->actionAdd()
#4 /var/www/html/tt.mogujie.com/TT/framework/web/CController.php(308): CInlineAction->runWithParams()
#5 /var/www/html/tt.mogujie.com/TT/framework/web/CController.php(286): GroupController->runAction()
#6 /var/www/html/tt.mogujie.com/TT/framework/web/CController.php(265): GroupController->runActionWithFilters()
#7 /var/www/html/tt.mogujie.com/TT/framework/web/CWebApplication.php(282): GroupController->run()
#8 /var/www/html/tt.mogujie.com/TT/framework/web/CWebApplication.php(141): CWebApplication->runController()
#9 /var/www/html/tt.mogujie.com/TT/framework/base/CApplication.php(169): CWebApplication->processRequest()
#10 /var/www/html/tt.mogujie.com/TT/index.php(12): CWebApplication->run()
REQUEST_URI=/group/add
2014/08/14 19:47:39 [error] [exception.CHttpException.404] exception 'CHttpException' with message '无法解析请求 "avatar/avatar_group_default.jpg"。' in /var/www/html/tt.mogujie.com/TT/framework/web/CWebApplication.php:286
Stack trace:
#0 /var/www/html/tt.mogujie.com/TT/framework/web/CWebApplication.php(141): CWebApplication->runController('avatar/avatar_g...')
#1 /var/www/html/tt.mogujie.com/TT/framework/base/CApplication.php(169): CWebApplication->processRequest()
#2 /var/www/html/tt.mogujie.com/TT/index.php(12): CApplication->run()
#3 {main}
REQUEST_URI=/avatar/avatar_group_default.jpg
HTTP_REFERER=http://imteamtalk.com/group/list
---
2014/08/14 19:47:53 [error] [exception.CHttpException.404] exception 'CHttpException' with message '无法解析请求 "fonts/glyphicons-halflings-regular.woff"。' in /var/www/html/tt.mogujie.com/TT/framework/web/CWebApplication.php:286
Stack trace:
#0 /var/www/html/tt.mogujie.com/TT/framework/web/CWebApplication.php(141): CWebApplication->runController('fonts/glyphicon...')
#1 /var/www/html/tt.mogujie.com/TT/framework/base/CApplication.php(169): CWebApplication->processRequest()
#2 /var/www/html/tt.mogujie.com/TT/index.php(12): CApplication->run()
#3 {main}
REQUEST_URI=/fonts/glyphicons-halflings-regular.woff
HTTP_REFERER=http://imteamtalk.com/group/edit/104228
---
2014/08/14 19:47:53 [error] [exception.CHttpException.404] exception 'CHttpException' with message '无法解析请求 "fonts/glyphicons-halflings-regular.ttf"。' in /var/www/html/tt.mogujie.com/TT/framework/web/CWebApplication.php:286
Stack trace:
#0 /var/www/html/tt.mogujie.com/TT/framework/web/CWebApplication.php(141): CWebApplication->runController('fonts/glyphicon...')
#1 /var/www/html/tt.mogujie.com/TT/framework/base/CApplication.php(169): CWebApplication->processRequest()
#2 /var/www/html/tt.mogujie.com/TT/index.php(12): CApplication->run()
#3 {main}
REQUEST_URI=/fonts/glyphicons-halflings-regular.ttf
HTTP_REFERER=http://imteamtalk.com/group/edit/104228
---
2014/08/14 19:47:53 [error] [exception.CHttpException.404] exception 'CHttpException' with message '无法解析请求 "fonts/glyphicons-halflings-regular.svg"。' in /var/www/html/tt.mogujie.com/TT/framework/web/CWebApplication.php:286
Stack trace:
#0 /var/www/html/tt.mogujie.com/TT/framework/web/CWebApplication.php(141): CWebApplication->runController('fonts/glyphicon...')
#1 /var/www/html/tt.mogujie.com/TT/framework/base/CApplication.php(169): CWebApplication->processRequest()
#2 /var/www/html/tt.mogujie.com/TT/index.php(12): CApplication->run()
#3 {main}
REQUEST_URI=/fonts/glyphicons-halflings-regular.svg
HTTP_REFERER=http://imteamtalk.com/group/edit/104228
---
2014/08/14 19:48:54 [error] [exception.CHttpException.404] exception 'CHttpException' with message '无法解析请求 "avatar/avatar_group_default.jpg"。' in /var/www/html/tt.mogujie.com/TT/framework/web/CWebApplication.php:286
Stack trace:
#0 /var/www/html/tt.mogujie.com/TT/framework/web/CWebApplication.php(141): CWebApplication->runController('avatar/avatar_g...')
#1 /var/www/html/tt.mogujie.com/TT/framework/base/CApplication.php(169): CWebApplication->processRequest()
#2 /var/www/html/tt.mogujie.com/TT/index.php(12): CApplication->run()
#3 {main}
REQUEST_URI=/avatar/avatar_group_default.jpg
HTTP_REFERER=http://imteamtalk.com/group/list
---
2014/08/14 19:49:32 [error] [exception.CHttpException.404] exception 'CHttpException' with message '无法解析请求 "fonts/glyphicons-halflings-regular.woff"。' in /var/www/html/tt.mogujie.com/TT/framework/web/CWebApplication.php:286
Stack trace:
#0 /var/www/html/tt.mogujie.com/TT/framework/web/CWebApplication.php(141): CWebApplication->runController('fonts/glyphicon...')
#1 /var/www/html/tt.mogujie.com/TT/framework/base/CApplication.php(169): CWebApplication->processRequest()
#2 /var/www/html/tt.mogujie.com/TT/index.php(12): CApplication->run()
#3 {main}
REQUEST_URI=/fonts/glyphicons-halflings-regular.woff
HTTP_REFERER=http://imteamtalk.com/group/add
---
2014/08/14 19:49:32 [error] [exception.CHttpException.404] exception 'CHttpException' with message '无法解析请求 "fonts/glyphicons-halflings-regular.ttf"。' in /var/www/html/tt.mogujie.com/TT/framework/web/CWebApplication.php:286
Stack trace:
#0 /var/www/html/tt.mogujie.com/TT/framework/web/CWebApplication.php(141): CWebApplication->runController('fonts/glyphicon...')
#1 /var/www/html/tt.mogujie.com/TT/framework/base/CApplication.php(169): CWebApplication->processRequest()
#2 /var/www/html/tt.mogujie.com/TT/index.php(12): CApplication->run()
#3 {main}
REQUEST_URI=/fonts/glyphicons-halflings-regular.ttf
HTTP_REFERER=http://imteamtalk.com/group/add
---
2014/08/14 19:49:33 [error] [exception.CHttpException.404] exception 'CHttpException' with message '无法解析请求 "fonts/glyphicons-halflings-regular.svg"。' in /var/www/html/tt.mogujie.com/TT/framework/web/CWebApplication.php:286
Stack trace:
#0 /var/www/html/tt.mogujie.com/TT/framework/web/CWebApplication.php(141): CWebApplication->runController('fonts/glyphicon...')
#1 /var/www/html/tt.mogujie.com/TT/framework/base/CApplication.php(169): CWebApplication->processRequest()
#2 /var/www/html/tt.mogujie.com/TT/index.php(12): CApplication->run()
#3 {main}
REQUEST_URI=/fonts/glyphicons-halflings-regular.svg
HTTP_REFERER=http://imteamtalk.com/group/add
---
2014/08/14 19:50:26 [error] [exception.CHttpException.404] exception 'CHttpException' with message '无法解析请求 "avatar/avatar_group_default.jpg"。' in /var/www/html/tt.mogujie.com/TT/framework/web/CWebApplication.php:286
Stack trace:
#0 /var/www/html/tt.mogujie.com/TT/framework/web/CWebApplication.php(141): CWebApplication->runController('avatar/avatar_g...')
#1 /var/www/html/tt.mogujie.com/TT/framework/base/CApplication.php(169): CWebApplication->processRequest()
#2 /var/www/html/tt.mogujie.com/TT/index.php(12): CApplication->run()
#3 {main}
REQUEST_URI=/avatar/avatar_group_default.jpg
HTTP_REFERER=http://imteamtalk.com/index.php/group/list?group%2Flist=&page=2
---
2014/08/14 19:50:29 [error] [exception.CHttpException.404] exception 'CHttpException' with message '无法解析请求 "avatar/avatar_group_default.jpg"。' in /var/www/html/tt.mogujie.com/TT/framework/web/CWebApplication.php:286
Stack trace:
#0 /var/www/html/tt.mogujie.com/TT/framework/web/CWebApplication.php(141): CWebApplication->runController('avatar/avatar_g...')
#1 /var/www/html/tt.mogujie.com/TT/framework/base/CApplication.php(169): CWebApplication->processRequest()
#2 /var/www/html/tt.mogujie.com/TT/index.php(12): CApplication->run()
#3 {main}
REQUEST_URI=/avatar/avatar_group_default.jpg
HTTP_REFERER=http://imteamtalk.com/index.php/group/list?group%2Flist=&page=2
---
2014/08/14 19:50:42 [error] [exception.CHttpException.404] exception 'CHttpException' with message '无法解析请求 "avatar/avatar_group_default.jpg"。' in /var/www/html/tt.mogujie.com/TT/framework/web/CWebApplication.php:286
Stack trace:
#0 /var/www/html/tt.mogujie.com/TT/framework/web/CWebApplication.php(141): CWebApplication->runController('avatar/avatar_g...')
#1 /var/www/html/tt.mogujie.com/TT/framework/base/CApplication.php(169): CWebApplication->processRequest()
#2 /var/www/html/tt.mogujie.com/TT/index.php(12): CApplication->run()
#3 {main}
REQUEST_URI=/avatar/avatar_group_default.jpg
HTTP_REFERER=http://imteamtalk.com/index.php/group/list?group%2Flist=&page=2
---
2014/08/14 19:50:56 [error] [exception.CHttpException.404] exception 'CHttpException' with message '无法解析请求 "avatar/avatar_group_default.jpg"。' in /var/www/html/tt.mogujie.com/TT/framework/web/CWebApplication.php:286
Stack trace:
#0 /var/www/html/tt.mogujie.com/TT/framework/web/CWebApplication.php(141): CWebApplication->runController('avatar/avatar_g...')
#1 /var/www/html/tt.mogujie.com/TT/framework/base/CApplication.php(169): CWebApplication->processRequest()
#2 /var/www/html/tt.mogujie.com/TT/index.php(12): CApplication->run()
#3 {main}
REQUEST_URI=/avatar/avatar_group_default.jpg
HTTP_REFERER=http://imteamtalk.com/index.php/group/list?index_php%2Fgroup%2Flist=&group%2Flist=&page=2
---
2014/08/14 19:52:32 [error] [exception.CHttpException.404] exception 'CHttpException' with message '无法解析请求 "fonts/glyphicons-halflings-regular.woff"。' in /var/www/html/tt.mogujie.com/TT/framework/web/CWebApplication.php:286
Stack trace:
#0 /var/www/html/tt.mogujie.com/TT/framework/web/CWebApplication.php(141): CWebApplication->runController('fonts/glyphicon...')
#1 /var/www/html/tt.mogujie.com/TT/framework/base/CApplication.php(169): CWebApplication->processRequest()
#2 /var/www/html/tt.mogujie.com/TT/index.php(12): CApplication->run()
#3 {main}
REQUEST_URI=/fonts/glyphicons-halflings-regular.woff
HTTP_REFERER=http://imteamtalk.com/group/add
---
2014/08/14 19:52:32 [error] [exception.CHttpException.404] exception 'CHttpException' with message '无法解析请求 "fonts/glyphicons-halflings-regular.ttf"。' in /var/www/html/tt.mogujie.com/TT/framework/web/CWebApplication.php:286
Stack trace:
#0 /var/www/html/tt.mogujie.com/TT/framework/web/CWebApplication.php(141): CWebApplication->runController('fonts/glyphicon...')
#1 /var/www/html/tt.mogujie.com/TT/framework/base/CApplication.php(169): CWebApplication->processRequest()
#2 /var/www/html/tt.mogujie.com/TT/index.php(12): CApplication->run()
#3 {main}
REQUEST_URI=/fonts/glyphicons-halflings-regular.ttf
HTTP_REFERER=http://imteamtalk.com/group/add
---
2014/08/14 19:52:33 [error] [exception.CHttpException.404] exception 'CHttpException' with message '无法解析请求 "fonts/glyphicons-halflings-regular.svg"。' in /var/www/html/tt.mogujie.com/TT/framework/web/CWebApplication.php:286
Stack trace:
#0 /var/www/html/tt.mogujie.com/TT/framework/web/CWebApplication.php(141): CWebApplication->runController('fonts/glyphicon...')
#1 /var/www/html/tt.mogujie.com/TT/framework/base/CApplication.php(169): CWebApplication->processRequest()
#2 /var/www/html/tt.mogujie.com/TT/index.php(12): CApplication->run()
#3 {main}
REQUEST_URI=/fonts/glyphicons-halflings-regular.svg
HTTP_REFERER=http://imteamtalk.com/group/add
---
2014/08/14 20:08:07 [error] [exception.CHttpException.404] exception 'CHttpException' with message '无法解析请求 "avatar/avatar_group_default.jpg"。' in /var/www/html/tt.mogujie.com/TT/framework/web/CWebApplication.php:286
Stack trace:
#0 /var/www/html/tt.mogujie.com/TT/framework/web/CWebApplication.php(141): CWebApplication->runController('avatar/avatar_g...')
#1 /var/www/html/tt.mogujie.com/TT/framework/base/CApplication.php(169): CWebApplication->processRequest()
#2 /var/www/html/tt.mogujie.com/TT/index.php(12): CApplication->run()
#3 {main}
REQUEST_URI=/avatar/avatar_group_default.jpg
HTTP_REFERER=http://imteamtalk.com/index.php/group/list?group%2Flist=&page=2
---
2014/08/15 11:35:54 [error] [exception.CHttpException.404] exception 'CHttpException' with message '无法解析请求 "favicon.ico"。' in /var/www/html/tt.mogujie.com/TT/framework/web/CWebApplication.php:286
Stack trace:
#0 /var/www/html/tt.mogujie.com/TT/framework/web/CWebApplication.php(141): CWebApplication->runController('favicon.ico')
#1 /var/www/html/tt.mogujie.com/TT/framework/base/CApplication.php(169): CWebApplication->processRequest()
#2 /var/www/html/tt.mogujie.com/TT/index.php(12): CApplication->run()
#3 {main}
REQUEST_URI=/favicon.ico
---
2014/08/15 11:36:07 [error] [php] Trying to get property of non-object (/var/www/html/tt.mogujie.com/TT/protected/components/Controller.php:33)
Stack trace:
#0 /var/www/html/tt.mogujie.com/TT/framework/web/CController.php(308): CInlineAction->runWithParams()
#1 /var/www/html/tt.mogujie.com/TT/framework/web/CController.php(286): UserController->runAction()
#2 /var/www/html/tt.mogujie.com/TT/framework/web/CController.php(265): UserController->runActionWithFilters()
#3 /var/www/html/tt.mogujie.com/TT/framework/web/CWebApplication.php(282): UserController->run()
#4 /var/www/html/tt.mogujie.com/TT/framework/web/CWebApplication.php(141): CWebApplication->runController()
#5 /var/www/html/tt.mogujie.com/TT/framework/base/CApplication.php(169): CWebApplication->processRequest()
#6 /var/www/html/tt.mogujie.com/TT/index.php(12): CWebApplication->run()
REQUEST_URI=/user/add
2014/08/15 13:41:08 [error] [exception.CHttpException.404] exception 'CHttpException' with message '无法解析请求 "fonts/glyphicons-halflings-regular.woff"。' in /var/www/html/tt.mogujie.com/TT/framework/web/CWebApplication.php:286
Stack trace:
#0 /var/www/html/tt.mogujie.com/TT/framework/web/CWebApplication.php(141): CWebApplication->runController('fonts/glyphicon...')
#1 /var/www/html/tt.mogujie.com/TT/framework/base/CApplication.php(169): CWebApplication->processRequest()
#2 /var/www/html/tt.mogujie.com/TT/index.php(12): CApplication->run()
#3 {main}
REQUEST_URI=/fonts/glyphicons-halflings-regular.woff
HTTP_REFERER=http://imteamtalk.com/
---
2014/08/15 13:41:08 [error] [exception.CHttpException.404] exception 'CHttpException' with message '无法解析请求 "fonts/glyphicons-halflings-regular.ttf"。' in /var/www/html/tt.mogujie.com/TT/framework/web/CWebApplication.php:286
Stack trace:
#0 /var/www/html/tt.mogujie.com/TT/framework/web/CWebApplication.php(141): CWebApplication->runController('fonts/glyphicon...')
#1 /var/www/html/tt.mogujie.com/TT/framework/base/CApplication.php(169): CWebApplication->processRequest()
#2 /var/www/html/tt.mogujie.com/TT/index.php(12): CApplication->run()
#3 {main}
REQUEST_URI=/fonts/glyphicons-halflings-regular.ttf
HTTP_REFERER=http://imteamtalk.com/
---
2014/08/15 13:41:08 [error] [exception.CHttpException.404] exception 'CHttpException' with message '无法解析请求 "fonts/glyphicons-halflings-regular.svg"。' in /var/www/html/tt.mogujie.com/TT/framework/web/CWebApplication.php:286
Stack trace:
#0 /var/www/html/tt.mogujie.com/TT/framework/web/CWebApplication.php(141): CWebApplication->runController('fonts/glyphicon...')
#1 /var/www/html/tt.mogujie.com/TT/framework/base/CApplication.php(169): CWebApplication->processRequest()
#2 /var/www/html/tt.mogujie.com/TT/index.php(12): CApplication->run()
#3 {main}
REQUEST_URI=/fonts/glyphicons-halflings-regular.svg
HTTP_REFERER=http://imteamtalk.com/
---
2014/08/15 14:49:58 [error] [php] Trying to get property of non-object (/var/www/html/tt.mogujie.com/TT/protected/components/Controller.php:33)
Stack trace:
#0 /var/www/html/tt.mogujie.com/TT/framework/web/CController.php(308): CInlineAction->runWithParams()
#1 /var/www/html/tt.mogujie.com/TT/framework/web/CController.php(286): GroupController->runAction()
#2 /var/www/html/tt.mogujie.com/TT/framework/web/CController.php(265): GroupController->runActionWithFilters()
#3 /var/www/html/tt.mogujie.com/TT/framework/web/CWebApplication.php(282): GroupController->run()
#4 /var/www/html/tt.mogujie.com/TT/framework/web/CWebApplication.php(141): CWebApplication->runController()
#5 /var/www/html/tt.mogujie.com/TT/framework/base/CApplication.php(169): CWebApplication->processRequest()
#6 /var/www/html/tt.mogujie.com/TT/index.php(12): CWebApplication->run()
REQUEST_URI=/group/add
2014/08/15 14:51:34 [error] [php] Trying to get property of non-object (/var/www/html/tt.mogujie.com/TT/protected/components/Controller.php:33)
Stack trace:
#0 /var/www/html/tt.mogujie.com/TT/framework/web/CController.php(308): CInlineAction->runWithParams()
#1 /var/www/html/tt.mogujie.com/TT/framework/web/CController.php(286): GroupController->runAction()
#2 /var/www/html/tt.mogujie.com/TT/framework/web/CController.php(265): GroupController->runActionWithFilters()
#3 /var/www/html/tt.mogujie.com/TT/framework/web/CWebApplication.php(282): GroupController->run()
#4 /var/www/html/tt.mogujie.com/TT/framework/web/CWebApplication.php(141): CWebApplication->runController()
#5 /var/www/html/tt.mogujie.com/TT/framework/base/CApplication.php(169): CWebApplication->processRequest()
#6 /var/www/html/tt.mogujie.com/TT/index.php(12): CWebApplication->run()
REQUEST_URI=/group/add
2014/08/15 15:41:24 [error] [exception.CHttpException.404] exception 'CHttpException' with message '无法解析请求 "fonts/glyphicons-halflings-regular.woff"。' in /var/www/html/tt.mogujie.com/TT/framework/web/CWebApplication.php:286
Stack trace:
#0 /var/www/html/tt.mogujie.com/TT/framework/web/CWebApplication.php(141): CWebApplication->runController('fonts/glyphicon...')
#1 /var/www/html/tt.mogujie.com/TT/framework/base/CApplication.php(169): CWebApplication->processRequest()
#2 /var/www/html/tt.mogujie.com/TT/index.php(12): CApplication->run()
#3 {main}
REQUEST_URI=/fonts/glyphicons-halflings-regular.woff
HTTP_REFERER=http://imteamtalk.com/group/list
---
2014/08/15 15:41:24 [error] [exception.CHttpException.404] exception 'CHttpException' with message '无法解析请求 "fonts/glyphicons-halflings-regular.ttf"。' in /var/www/html/tt.mogujie.com/TT/framework/web/CWebApplication.php:286
Stack trace:
#0 /var/www/html/tt.mogujie.com/TT/framework/web/CWebApplication.php(141): CWebApplication->runController('fonts/glyphicon...')
#1 /var/www/html/tt.mogujie.com/TT/framework/base/CApplication.php(169): CWebApplication->processRequest()
#2 /var/www/html/tt.mogujie.com/TT/index.php(12): CApplication->run()
#3 {main}
REQUEST_URI=/fonts/glyphicons-halflings-regular.ttf
HTTP_REFERER=http://imteamtalk.com/group/list
---
2014/08/15 15:41:24 [error] [exception.CHttpException.404] exception 'CHttpException' with message '无法解析请求 "fonts/glyphicons-halflings-regular.svg"。' in /var/www/html/tt.mogujie.com/TT/framework/web/CWebApplication.php:286
Stack trace:
#0 /var/www/html/tt.mogujie.com/TT/framework/web/CWebApplication.php(141): CWebApplication->runController('fonts/glyphicon...')
#1 /var/www/html/tt.mogujie.com/TT/framework/base/CApplication.php(169): CWebApplication->processRequest()
#2 /var/www/html/tt.mogujie.com/TT/index.php(12): CApplication->run()
#3 {main}
REQUEST_URI=/fonts/glyphicons-halflings-regular.svg
HTTP_REFERER=http://imteamtalk.com/group/list
---
2014/08/15 15:59:12 [error] [exception.CHttpException.404] exception 'CHttpException' with message '无法解析请求 "fonts/fontawesome-webfont.woff"。' in /var/www/html/tt.mogujie.com/TT/framework/web/CWebApplication.php:286
Stack trace:
#0 /var/www/html/tt.mogujie.com/TT/framework/web/CWebApplication.php(141): CWebApplication->runController('fonts/fontaweso...')
#1 /var/www/html/tt.mogujie.com/TT/framework/base/CApplication.php(169): CWebApplication->processRequest()
#2 /var/www/html/tt.mogujie.com/TT/index.php(12): CApplication->run()
#3 {main}
REQUEST_URI=/fonts/fontawesome-webfont.woff?v=4.0.3
HTTP_REFERER=http://imteamtalk.com/
---
2014/08/15 15:59:12 [error] [exception.CHttpException.404] exception 'CHttpException' with message '无法解析请求 "fonts/fontawesome-webfont.ttf"。' in /var/www/html/tt.mogujie.com/TT/framework/web/CWebApplication.php:286
Stack trace:
#0 /var/www/html/tt.mogujie.com/TT/framework/web/CWebApplication.php(141): CWebApplication->runController('fonts/fontaweso...')
#1 /var/www/html/tt.mogujie.com/TT/framework/base/CApplication.php(169): CWebApplication->processRequest()
#2 /var/www/html/tt.mogujie.com/TT/index.php(12): CApplication->run()
#3 {main}
REQUEST_URI=/fonts/fontawesome-webfont.ttf?v=4.0.3
HTTP_REFERER=http://imteamtalk.com/
---
2014/08/15 15:59:13 [error] [exception.CHttpException.404] exception 'CHttpException' with message '无法解析请求 "fonts/fontawesome-webfont.svg"。' in /var/www/html/tt.mogujie.com/TT/framework/web/CWebApplication.php:286
Stack trace:
#0 /var/www/html/tt.mogujie.com/TT/framework/web/CWebApplication.php(141): CWebApplication->runController('fonts/fontaweso...')
#1 /var/www/html/tt.mogujie.com/TT/framework/base/CApplication.php(169): CWebApplication->processRequest()
#2 /var/www/html/tt.mogujie.com/TT/index.php(12): CApplication->run()
#3 {main}
REQUEST_URI=/fonts/fontawesome-webfont.svg?v=4.0.3
HTTP_REFERER=http://imteamtalk.com/
---
2014/08/15 16:46:02 [error] [exception.CHttpException.404] exception 'CHttpException' with message '无法解析请求 "index.html"。' in /var/www/html/tt.mogujie.com/TT/framework/web/CWebApplication.php:286
Stack trace:
#0 /var/www/html/tt.mogujie.com/TT/framework/web/CWebApplication.php(141): CWebApplication->runController('index.html')
#1 /var/www/html/tt.mogujie.com/TT/framework/base/CApplication.php(169): CWebApplication->processRequest()
#2 /var/www/html/tt.mogujie.com/TT/index.php(12): CApplication->run()
#3 {main}
REQUEST_URI=/index.html
HTTP_REFERER=http://imteamtalk.com/login
---
2014/08/15 16:54:12 [error] [exception.CHttpException.404] exception 'CHttpException' with message '无法解析请求 "image/yaya.png"。' in /var/www/html/tt.mogujie.com/TT/framework/web/CWebApplication.php:286
Stack trace:
#0 /var/www/html/tt.mogujie.com/TT/framework/web/CWebApplication.php(141): CWebApplication->runController('image/yaya.png')
#1 /var/www/html/tt.mogujie.com/TT/framework/base/CApplication.php(169): CWebApplication->processRequest()
#2 /var/www/html/tt.mogujie.com/TT/index.php(12): CApplication->run()
#3 {main}
REQUEST_URI=/image/yaya.png
HTTP_REFERER=http://imteamtalk.com/login
---
2014/08/15 17:01:12 [error] [php] Undefined variable: cache (/var/www/html/tt.mogujie.com/TT/protected/components/Controller.php:140)
Stack trace:
#0 /var/www/html/tt.mogujie.com/TT/framework/web/CController.php(308): CInlineAction->runWithParams()
#1 /var/www/html/tt.mogujie.com/TT/framework/web/CController.php(286): AdminController->runAction()
#2 /var/www/html/tt.mogujie.com/TT/framework/web/CController.php(265): AdminController->runActionWithFilters()
#3 /var/www/html/tt.mogujie.com/TT/framework/web/CWebApplication.php(282): AdminController->run()
#4 /var/www/html/tt.mogujie.com/TT/framework/web/CWebApplication.php(141): CWebApplication->runController()
#5 /var/www/html/tt.mogujie.com/TT/framework/base/CApplication.php(169): CWebApplication->processRequest()
#6 /var/www/html/tt.mogujie.com/TT/index.php(12): CWebApplication->run()
REQUEST_URI=/admin/add
2014/08/15 17:27:00 [error] [php] Undefined variable: k (/var/www/html/tt.mogujie.com/TT/protected/components/Controller.php:140)
Stack trace:
#0 /var/www/html/tt.mogujie.com/TT/framework/web/CController.php(308): CInlineAction->runWithParams()
#1 /var/www/html/tt.mogujie.com/TT/framework/web/CController.php(286): AdminController->runAction()
#2 /var/www/html/tt.mogujie.com/TT/framework/web/CController.php(265): AdminController->runActionWithFilters()
#3 /var/www/html/tt.mogujie.com/TT/framework/web/CWebApplication.php(282): AdminController->run()
#4 /var/www/html/tt.mogujie.com/TT/framework/web/CWebApplication.php(141): CWebApplication->runController()
#5 /var/www/html/tt.mogujie.com/TT/framework/base/CApplication.php(169): CWebApplication->processRequest()
#6 /var/www/html/tt.mogujie.com/TT/index.php(12): CWebApplication->run()
REQUEST_URI=/admin/add
2014/08/15 19:02:23 [error] [php] Undefined variable: countsel (/var/www/html/tt.mogujie.com/TT/protected/controllers/GroupController.php:178)
Stack trace:
#0 /var/www/html/tt.mogujie.com/TT/framework/web/actions/CInlineAction.php(47): CInlineAction->runWithParamsInternal()
#1 /var/www/html/tt.mogujie.com/TT/framework/web/CController.php(308): CInlineAction->runWithParams()
#2 /var/www/html/tt.mogujie.com/TT/framework/web/CController.php(286): GroupController->runAction()
#3 /var/www/html/tt.mogujie.com/TT/framework/web/CController.php(265): GroupController->runActionWithFilters()
#4 /var/www/html/tt.mogujie.com/TT/framework/web/CWebApplication.php(282): GroupController->run()
#5 /var/www/html/tt.mogujie.com/TT/framework/web/CWebApplication.php(141): CWebApplication->runController()
#6 /var/www/html/tt.mogujie.com/TT/framework/base/CApplication.php(169): CWebApplication->processRequest()
#7 /var/www/html/tt.mogujie.com/TT/index.php(12): CWebApplication->run()
REQUEST_URI=/group/edit/104230
2014/08/15 19:02:29 [error] [php] Undefined variable: departs (/var/www/html/tt.mogujie.com/TT/protected/views/depart/add.php:23)
Stack trace:
#0 /var/www/html/tt.mogujie.com/TT/framework/web/CController.php(869): DepartController->renderFile()
#1 /var/www/html/tt.mogujie.com/TT/framework/web/CController.php(782): DepartController->renderPartial()
#2 /var/www/html/tt.mogujie.com/TT/protected/controllers/DepartController.php(124): DepartController->render()
#3 unknown(0): DepartController->actionEdit()
#4 /var/www/html/tt.mogujie.com/TT/framework/web/actions/CAction.php(108): ReflectionMethod->invokeArgs()
#5 /var/www/html/tt.mogujie.com/TT/framework/web/actions/CInlineAction.php(47): CInlineAction->runWithParamsInternal()
#6 /var/www/html/tt.mogujie.com/TT/framework/web/CController.php(308): CInlineAction->runWithParams()
#7 /var/www/html/tt.mogujie.com/TT/framework/web/CController.php(286): DepartController->runAction()
#8 /var/www/html/tt.mogujie.com/TT/framework/web/CController.php(265): DepartController->runActionWithFilters()
#9 /var/www/html/tt.mogujie.com/TT/framework/web/CWebApplication.php(282): DepartController->run()
#10 /var/www/html/tt.mogujie.com/TT/framework/web/CWebApplication.php(141): CWebApplication->runController()
#11 /var/www/html/tt.mogujie.com/TT/framework/base/CApplication.php(169): CWebApplication->processRequest()
#12 /var/www/html/tt.mogujie.com/TT/index.php(12): CWebApplication->run()
REQUEST_URI=/depart/edit/1003
2014/08/15 19:02:33 [error] [php] Undefined variable: departs (/var/www/html/tt.mogujie.com/TT/protected/views/depart/add.php:23)
Stack trace:
#0 /var/www/html/tt.mogujie.com/TT/framework/web/CController.php(869): DepartController->renderFile()
#1 /var/www/html/tt.mogujie.com/TT/framework/web/CController.php(782): DepartController->renderPartial()
#2 /var/www/html/tt.mogujie.com/TT/protected/controllers/DepartController.php(124): DepartController->render()
#3 unknown(0): DepartController->actionEdit()
#4 /var/www/html/tt.mogujie.com/TT/framework/web/actions/CAction.php(108): ReflectionMethod->invokeArgs()
#5 /var/www/html/tt.mogujie.com/TT/framework/web/actions/CInlineAction.php(47): CInlineAction->runWithParamsInternal()
#6 /var/www/html/tt.mogujie.com/TT/framework/web/CController.php(308): CInlineAction->runWithParams()
#7 /var/www/html/tt.mogujie.com/TT/framework/web/CController.php(286): DepartController->runAction()
#8 /var/www/html/tt.mogujie.com/TT/framework/web/CController.php(265): DepartController->runActionWithFilters()
#9 /var/www/html/tt.mogujie.com/TT/framework/web/CWebApplication.php(282): DepartController->run()
#10 /var/www/html/tt.mogujie.com/TT/framework/web/CWebApplication.php(141): CWebApplication->runController()
#11 /var/www/html/tt.mogujie.com/TT/framework/base/CApplication.php(169): CWebApplication->processRequest()
#12 /var/www/html/tt.mogujie.com/TT/index.php(12): CWebApplication->run()
REQUEST_URI=/depart/edit/14
2014/08/15 19:02:39 [error] [php] Undefined variable: departs (/var/www/html/tt.mogujie.com/TT/protected/views/depart/add.php:23)
Stack trace:
#0 /var/www/html/tt.mogujie.com/TT/framework/web/CController.php(869): DepartController->renderFile()
#1 /var/www/html/tt.mogujie.com/TT/framework/web/CController.php(782): DepartController->renderPartial()
#2 /var/www/html/tt.mogujie.com/TT/protected/controllers/DepartController.php(124): DepartController->render()
#3 unknown(0): DepartController->actionEdit()
#4 /var/www/html/tt.mogujie.com/TT/framework/web/actions/CAction.php(108): ReflectionMethod->invokeArgs()
#5 /var/www/html/tt.mogujie.com/TT/framework/web/actions/CInlineAction.php(47): CInlineAction->runWithParamsInternal()
#6 /var/www/html/tt.mogujie.com/TT/framework/web/CController.php(308): CInlineAction->runWithParams()
#7 /var/www/html/tt.mogujie.com/TT/framework/web/CController.php(286): DepartController->runAction()
#8 /var/www/html/tt.mogujie.com/TT/framework/web/CController.php(265): DepartController->runActionWithFilters()
#9 /var/www/html/tt.mogujie.com/TT/framework/web/CWebApplication.php(282): DepartController->run()
#10 /var/www/html/tt.mogujie.com/TT/framework/web/CWebApplication.php(141): CWebApplication->runController()
#11 /var/www/html/tt.mogujie.com/TT/framework/base/CApplication.php(169): CWebApplication->processRequest()
#12 /var/www/html/tt.mogujie.com/TT/index.php(12): CWebApplication->run()
REQUEST_URI=/depart/edit/14
2014/08/15 19:19:39 [error] [php] Trying to get property of non-object (/var/www/html/tt.mogujie.com/TT/protected/components/Controller.php:33)
Stack trace:
#0 /var/www/html/tt.mogujie.com/TT/framework/web/CController.php(308): CInlineAction->runWithParams()
#1 /var/www/html/tt.mogujie.com/TT/framework/web/CController.php(286): UserController->runAction()
#2 /var/www/html/tt.mogujie.com/TT/framework/web/CController.php(265): UserController->runActionWithFilters()
#3 /var/www/html/tt.mogujie.com/TT/framework/web/CWebApplication.php(282): UserController->run()
#4 /var/www/html/tt.mogujie.com/TT/framework/web/CWebApplication.php(141): CWebApplication->runController()
#5 /var/www/html/tt.mogujie.com/TT/framework/base/CApplication.php(169): CWebApplication->processRequest()
#6 /var/www/html/tt.mogujie.com/TT/index.php(12): CWebApplication->run()
REQUEST_URI=/user/add
2014/08/15 19:20:22 [error] [exception.CHttpException.400] exception 'CHttpException' with message '您的请求无效。' in /var/www/html/tt.mogujie.com/TT/framework/web/CController.php:336
Stack trace:
#0 /var/www/html/tt.mogujie.com/TT/framework/web/CController.php(309): CController->invalidActionParams(Object(CInlineAction))
#1 /var/www/html/tt.mogujie.com/TT/framework/web/CController.php(286): CController->runAction(Object(CInlineAction))
#2 /var/www/html/tt.mogujie.com/TT/framework/web/CController.php(265): CController->runActionWithFilters(Object(CInlineAction), Array)
#3 /var/www/html/tt.mogujie.com/TT/framework/web/CWebApplication.php(282): CController->run('edit')
#4 /var/www/html/tt.mogujie.com/TT/framework/web/CWebApplication.php(141): CWebApplication->runController('user/edit/MTIyL...')
#5 /var/www/html/tt.mogujie.com/TT/framework/base/CApplication.php(169): CWebApplication->processRequest()
#6 /var/www/html/tt.mogujie.com/TT/index.php(12): CApplication->run()
#7 {main}
REQUEST_URI=/user/edit/MTIyLjIyNS42OC4xMjU7MTAxLjY4LjIxOC4xMjUvL2hvbWUvbGFuaHUvbXNmcy9ydW4vdG1wLy8wMDAvMDAwLzE0MDgxMDE2MDY5NTU1MjFfMTQwNTcyNzA2NjgyXzE0MDgxMDE2MDYyNDE1M1A1KE9WMDJfNkh7RkVKTik1NSU0V3swLmpwZw==.jpg
HTTP_REFERER=http://imteamtalk.com/user/edit/10023
---
2014/08/15 19:20:27 [error] [exception.CHttpException.400] exception 'CHttpException' with message '您的请求无效。' in /var/www/html/tt.mogujie.com/TT/framework/web/CController.php:336
Stack trace:
#0 /var/www/html/tt.mogujie.com/TT/framework/web/CController.php(309): CController->invalidActionParams(Object(CInlineAction))
#1 /var/www/html/tt.mogujie.com/TT/framework/web/CController.php(286): CController->runAction(Object(CInlineAction))
#2 /var/www/html/tt.mogujie.com/TT/framework/web/CController.php(265): CController->runActionWithFilters(Object(CInlineAction), Array)
#3 /var/www/html/tt.mogujie.com/TT/framework/web/CWebApplication.php(282): CController->run('edit')
#4 /var/www/html/tt.mogujie.com/TT/framework/web/CWebApplication.php(141): CWebApplication->runController('user/edit/MTIyL...')
#5 /var/www/html/tt.mogujie.com/TT/framework/base/CApplication.php(169): CWebApplication->processRequest()
#6 /var/www/html/tt.mogujie.com/TT/index.php(12): CApplication->run()
#7 {main}
REQUEST_URI=/user/edit/MTIyLjIyNS42OC4xMjU7MTAxLjY4LjIxOC4xMjUvL2hvbWUvbGFuaHUvbXNmcy9ydW4vdG1wLy8wMDAvMDAwLzE0MDgxMDE2MDY5NTU1MjFfMTQwNTcyNzA2NjgyXzE0MDgxMDE2MDYyNDE1M1A1KE9WMDJfNkh7RkVKTik1NSU0V3swLmpwZw==.jpg
HTTP_REFERER=http://imteamtalk.com/user/edit/10023
---
2014/08/15 20:10:58 [error] [php] Undefined variable: departs (/var/www/html/tt.mogujie.com/TT/protected/views/depart/add.php:23)
Stack trace:
#0 /var/www/html/tt.mogujie.com/TT/framework/web/CController.php(869): DepartController->renderFile()
#1 /var/www/html/tt.mogujie.com/TT/framework/web/CController.php(782): DepartController->renderPartial()
#2 /var/www/html/tt.mogujie.com/TT/protected/controllers/DepartController.php(124): DepartController->render()
#3 unknown(0): DepartController->actionEdit()
#4 /var/www/html/tt.mogujie.com/TT/framework/web/actions/CAction.php(108): ReflectionMethod->invokeArgs()
#5 /var/www/html/tt.mogujie.com/TT/framework/web/actions/CInlineAction.php(47): CInlineAction->runWithParamsInternal()
#6 /var/www/html/tt.mogujie.com/TT/framework/web/CController.php(308): CInlineAction->runWithParams()
#7 /var/www/html/tt.mogujie.com/TT/framework/web/CController.php(286): DepartController->runAction()
#8 /var/www/html/tt.mogujie.com/TT/framework/web/CController.php(265): DepartController->runActionWithFilters()
#9 /var/www/html/tt.mogujie.com/TT/framework/web/CWebApplication.php(282): DepartController->run()
#10 /var/www/html/tt.mogujie.com/TT/framework/web/CWebApplication.php(141): CWebApplication->runController()
#11 /var/www/html/tt.mogujie.com/TT/framework/base/CApplication.php(169): CWebApplication->processRequest()
#12 /var/www/html/tt.mogujie.com/TT/index.php(12): CWebApplication->run()
REQUEST_URI=/depart/edit/1003
2014/08/15 20:11:19 [error] [php] Undefined variable: departs (/var/www/html/tt.mogujie.com/TT/protected/views/depart/add.php:23)
Stack trace:
#0 /var/www/html/tt.mogujie.com/TT/framework/web/CController.php(869): DepartController->renderFile()
#1 /var/www/html/tt.mogujie.com/TT/framework/web/CController.php(782): DepartController->renderPartial()
#2 /var/www/html/tt.mogujie.com/TT/protected/controllers/DepartController.php(124): DepartController->render()
#3 unknown(0): DepartController->actionEdit()
#4 /var/www/html/tt.mogujie.com/TT/framework/web/actions/CAction.php(108): ReflectionMethod->invokeArgs()
#5 /var/www/html/tt.mogujie.com/TT/framework/web/actions/CInlineAction.php(47): CInlineAction->runWithParamsInternal()
#6 /var/www/html/tt.mogujie.com/TT/framework/web/CController.php(308): CInlineAction->runWithParams()
#7 /var/www/html/tt.mogujie.com/TT/framework/web/CController.php(286): DepartController->runAction()
#8 /var/www/html/tt.mogujie.com/TT/framework/web/CController.php(265): DepartController->runActionWithFilters()
#9 /var/www/html/tt.mogujie.com/TT/framework/web/CWebApplication.php(282): DepartController->run()
#10 /var/www/html/tt.mogujie.com/TT/framework/web/CWebApplication.php(141): CWebApplication->runController()
#11 /var/www/html/tt.mogujie.com/TT/framework/base/CApplication.php(169): CWebApplication->processRequest()
#12 /var/www/html/tt.mogujie.com/TT/index.php(12): CWebApplication->run()
REQUEST_URI=/depart/edit/14
2014/08/15 20:11:40 [error] [php] Undefined variable: departs (/var/www/html/tt.mogujie.com/TT/protected/views/depart/add.php:23)
Stack trace:
#0 /var/www/html/tt.mogujie.com/TT/framework/web/CController.php(869): DepartController->renderFile()
#1 /var/www/html/tt.mogujie.com/TT/framework/web/CController.php(782): DepartController->renderPartial()
#2 /var/www/html/tt.mogujie.com/TT/protected/controllers/DepartController.php(124): DepartController->render()
#3 unknown(0): DepartController->actionEdit()
#4 /var/www/html/tt.mogujie.com/TT/framework/web/actions/CAction.php(108): ReflectionMethod->invokeArgs()
#5 /var/www/html/tt.mogujie.com/TT/framework/web/actions/CInlineAction.php(47): CInlineAction->runWithParamsInternal()
#6 /var/www/html/tt.mogujie.com/TT/framework/web/CController.php(308): CInlineAction->runWithParams()
#7 /var/www/html/tt.mogujie.com/TT/framework/web/CController.php(286): DepartController->runAction()
#8 /var/www/html/tt.mogujie.com/TT/framework/web/CController.php(265): DepartController->runActionWithFilters()
#9 /var/www/html/tt.mogujie.com/TT/framework/web/CWebApplication.php(282): DepartController->run()
#10 /var/www/html/tt.mogujie.com/TT/framework/web/CWebApplication.php(141): CWebApplication->runController()
#11 /var/www/html/tt.mogujie.com/TT/framework/base/CApplication.php(169): CWebApplication->processRequest()
#12 /var/www/html/tt.mogujie.com/TT/index.php(12): CWebApplication->run()
REQUEST_URI=/depart/edit/14
2014/08/15 20:18:46 [error] [php] Undefined variable: countsel (/var/www/html/tt.mogujie.com/TT/protected/controllers/GroupController.php:178)
Stack trace:
#0 /var/www/html/tt.mogujie.com/TT/framework/web/actions/CInlineAction.php(47): CInlineAction->runWithParamsInternal()
#1 /var/www/html/tt.mogujie.com/TT/framework/web/CController.php(308): CInlineAction->runWithParams()
#2 /var/www/html/tt.mogujie.com/TT/framework/web/CController.php(286): GroupController->runAction()
#3 /var/www/html/tt.mogujie.com/TT/framework/web/CController.php(265): GroupController->runActionWithFilters()
#4 /var/www/html/tt.mogujie.com/TT/framework/web/CWebApplication.php(282): GroupController->run()
#5 /var/www/html/tt.mogujie.com/TT/framework/web/CWebApplication.php(141): CWebApplication->runController()
#6 /var/www/html/tt.mogujie.com/TT/framework/base/CApplication.php(169): CWebApplication->processRequest()
#7 /var/www/html/tt.mogujie.com/TT/index.php(12): CWebApplication->run()
REQUEST_URI=/group/edit/104230
2014/08/15 20:18:54 [error] [php] Undefined variable: countsel (/var/www/html/tt.mogujie.com/TT/protected/controllers/GroupController.php:178)
Stack trace:
#0 /var/www/html/tt.mogujie.com/TT/framework/web/actions/CInlineAction.php(47): CInlineAction->runWithParamsInternal()
#1 /var/www/html/tt.mogujie.com/TT/framework/web/CController.php(308): CInlineAction->runWithParams()
#2 /var/www/html/tt.mogujie.com/TT/framework/web/CController.php(286): GroupController->runAction()
#3 /var/www/html/tt.mogujie.com/TT/framework/web/CController.php(265): GroupController->runActionWithFilters()
#4 /var/www/html/tt.mogujie.com/TT/framework/web/CWebApplication.php(282): GroupController->run()
#5 /var/www/html/tt.mogujie.com/TT/framework/web/CWebApplication.php(141): CWebApplication->runController()
#6 /var/www/html/tt.mogujie.com/TT/framework/base/CApplication.php(169): CWebApplication->processRequest()
#7 /var/www/html/tt.mogujie.com/TT/index.php(12): CWebApplication->run()
REQUEST_URI=/group/edit/104230
2014/08/15 20:22:07 [error] [system.db.CDbCommand] CDbCommand::execute() failed: SQLSTATE[HY000]: General error: 1205 Lock wait timeout exceeded; try restarting transaction. The SQL statement executed was: UPDATE `IMGroup` SET `groupId`=:yp0, `groupName`=:yp1, `avatar`=:yp2, `adesc`=:yp3, `createUserId`=:yp4, `groupType`=:yp5, `memberCnt`=:yp6, `status`=:yp7, `updated`=:yp8, `created`=:yp9 WHERE `IMGroup`.`groupId`=104230.
2014/08/15 20:24:39 [error] [system.db.CDbCommand] CDbCommand::execute() failed: SQLSTATE[HY000]: General error: 1205 Lock wait timeout exceeded; try restarting transaction. The SQL statement executed was: UPDATE `IMGroup` SET `groupId`=:yp0, `groupName`=:yp1, `avatar`=:yp2, `adesc`=:yp3, `createUserId`=:yp4, `groupType`=:yp5, `memberCnt`=:yp6, `status`=:yp7, `updated`=:yp8, `created`=:yp9 WHERE `IMGroup`.`groupId`=104230.
2014/08/15 20:24:42 [error] [system.db.CDbCommand] CDbCommand::execute() failed: SQLSTATE[HY000]: General error: 1205 Lock wait timeout exceeded; try restarting transaction. The SQL statement executed was: UPDATE `IMGroup` SET `groupId`=:yp0, `groupName`=:yp1, `avatar`=:yp2, `adesc`=:yp3, `createUserId`=:yp4, `groupType`=:yp5, `memberCnt`=:yp6, `status`=:yp7, `updated`=:yp8, `created`=:yp9 WHERE `IMGroup`.`groupId`=104230.
2014/08/15 20:26:24 [error] [php] PDO::commit(): MySQL server has gone away (/var/www/html/tt.mogujie.com/TT/framework/db/CDbTransaction.php:64)
Stack trace:
#0 unknown(0): GroupController->actionEdit()
#1 /var/www/html/tt.mogujie.com/TT/framework/web/actions/CAction.php(108): ReflectionMethod->invokeArgs()
#2 /var/www/html/tt.mogujie.com/TT/framework/web/actions/CInlineAction.php(47): CInlineAction->runWithParamsInternal()
#3 /var/www/html/tt.mogujie.com/TT/framework/web/CController.php(308): CInlineAction->runWithParams()
#4 /var/www/html/tt.mogujie.com/TT/framework/web/CController.php(286): GroupController->runAction()
#5 /var/www/html/tt.mogujie.com/TT/framework/web/CController.php(265): GroupController->runActionWithFilters()
#6 /var/www/html/tt.mogujie.com/TT/framework/web/CWebApplication.php(282): GroupController->run()
#7 /var/www/html/tt.mogujie.com/TT/framework/web/CWebApplication.php(141): CWebApplication->runController()
#8 /var/www/html/tt.mogujie.com/TT/framework/base/CApplication.php(169): CWebApplication->processRequest()
#9 /var/www/html/tt.mogujie.com/TT/index.php(12): CWebApplication->run()
REQUEST_URI=/group/edit/104230
2014/08/15 20:26:24 [error] [php] PDO::commit(): MySQL server has gone away (/var/www/html/tt.mogujie.com/TT/framework/db/CDbTransaction.php:64)
Stack trace:
#0 unknown(0): GroupController->actionEdit()
#1 /var/www/html/tt.mogujie.com/TT/framework/web/actions/CAction.php(108): ReflectionMethod->invokeArgs()
#2 /var/www/html/tt.mogujie.com/TT/framework/web/actions/CInlineAction.php(47): CInlineAction->runWithParamsInternal()
#3 /var/www/html/tt.mogujie.com/TT/framework/web/CController.php(308): CInlineAction->runWithParams()
#4 /var/www/html/tt.mogujie.com/TT/framework/web/CController.php(286): GroupController->runAction()
#5 /var/www/html/tt.mogujie.com/TT/framework/web/CController.php(265): GroupController->runActionWithFilters()
#6 /var/www/html/tt.mogujie.com/TT/framework/web/CWebApplication.php(282): GroupController->run()
#7 /var/www/html/tt.mogujie.com/TT/framework/web/CWebApplication.php(141): CWebApplication->runController()
#8 /var/www/html/tt.mogujie.com/TT/framework/base/CApplication.php(169): CWebApplication->processRequest()
#9 /var/www/html/tt.mogujie.com/TT/index.php(12): CWebApplication->run()
REQUEST_URI=/group/edit/104230
2014/08/15 20:31:34 [error] [system.db.CDbCommand] CDbCommand::execute() failed: SQLSTATE[HY000]: General error: 1205 Lock wait timeout exceeded; try restarting transaction. The SQL statement executed was: UPDATE `IMGroup` SET `groupId`=:yp0, `groupName`=:yp1, `avatar`=:yp2, `adesc`=:yp3, `createUserId`=:yp4, `groupType`=:yp5, `memberCnt`=:yp6, `status`=:yp7, `updated`=:yp8, `created`=:yp9 WHERE `IMGroup`.`groupId`=104230.
2014/08/15 20:32:14 [error] [system.db.CDbCommand] CDbCommand::execute() failed: SQLSTATE[HY000]: General error: 1205 Lock wait timeout exceeded; try restarting transaction. The SQL statement executed was: UPDATE `IMGroup` SET `groupId`=:yp0, `groupName`=:yp1, `avatar`=:yp2, `adesc`=:yp3, `createUserId`=:yp4, `groupType`=:yp5, `memberCnt`=:yp6, `status`=:yp7, `updated`=:yp8, `created`=:yp9 WHERE `IMGroup`.`groupId`=104230.
2014/08/15 20:34:33 [error] [system.db.CDbCommand] CDbCommand::execute() failed: SQLSTATE[HY000]: General error: 1205 Lock wait timeout exceeded; try restarting transaction. The SQL statement executed was: UPDATE `IMGroup` SET `groupId`=:yp0, `groupName`=:yp1, `avatar`=:yp2, `adesc`=:yp3, `createUserId`=:yp4, `groupType`=:yp5, `memberCnt`=:yp6, `status`=:yp7, `updated`=:yp8, `created`=:yp9 WHERE `IMGroup`.`groupId`=104229.
